<?xml version="1.0" encoding="UTF-8"?>
<!-- Generated by org.testng.reporters.JUnitXMLReporter -->
<testsuite hostname="DESKTOP-HD6R10L" name="Complete NewTours Site Test" tests="2" failures="0" timestamp="5 Aug 2017 07:31:00 GMT" time="12.193" errors="0">
  <testcase name="checkHomePageTitle" time="10.659" classname="com.bitm.selenium4thbatch.Test.LoginTest"/>
  <testcase name="loginTest" time="0.874" classname="com.bitm.selenium4thbatch.Test.LoginTest"/>
</testsuite> <!-- Complete NewTours Site Test -->
