<?xml version="1.0" encoding="UTF-8"?>
<!-- Generated by org.testng.reporters.JUnitXMLReporter -->
<testsuite hostname="DESKTOP-HD6R10L" name="Complete NewTours Site Test" tests="2" failures="1" timestamp="5 Aug 2017 06:59:58 GMT" time="25.619" errors="0">
  <testcase name="checkHomePageTitle" time="22.368" classname="com.bitm.selenium4thbatch.Test.LoginTest">
    <failure type="java.lang.AssertionError" message="expected [Welcome: Mercury Toursblabla] but found [Welcome: Mercury Tours]">
      <![CDATA[java.lang.AssertionError: expected [Welcome: Mercury Toursblabla] but found [Welcome: Mercury Tours]
	at com.bitm.selenium4thbatch.Test.LoginTest.checkHomePageTitle(LoginTest.java:24)
... Removed 29 stack frames]]>
    </failure>
  </testcase> <!-- checkHomePageTitle -->
  <testcase name="loginTest" time="1.591" classname="com.bitm.selenium4thbatch.Test.LoginTest"/>
</testsuite> <!-- Complete NewTours Site Test -->
