<?xml version="1.0" encoding="UTF-8"?>
<testng-results skipped="0" failed="0" total="2" passed="2">
  <reporter-output>
  </reporter-output>
  <suite name="Test Newtours Site" duration-ms="12193" started-at="2017-08-05T07:30:48Z" finished-at="2017-08-05T07:31:00Z">
    <groups>
    </groups>
    <test name="Complete NewTours Site Test" duration-ms="12193" started-at="2017-08-05T07:30:48Z" finished-at="2017-08-05T07:31:00Z">
      <class name="com.bitm.selenium4thbatch.Test.LoginTest">
        <test-method status="PASS" signature="checkHomePageTitle()[pri:0, instance:com.bitm.selenium4thbatch.Test.LoginTest@29ee9faa]" name="checkHomePageTitle" duration-ms="10659" started-at="2017-08-05T13:30:48Z" finished-at="2017-08-05T13:30:59Z">
          <reporter-output>
          </reporter-output>
        </test-method> <!-- checkHomePageTitle -->
        <test-method status="PASS" signature="loginTest(java.util.List)[pri:0, instance:com.bitm.selenium4thbatch.Test.LoginTest@29ee9faa]" name="loginTest" duration-ms="874" started-at="2017-08-05T13:30:59Z" data-provider="logindataprovider" finished-at="2017-08-05T13:31:00Z">
          <params>
            <param index="0">
              <value>
                <![CDATA[[LoginDto [username=demo, password=demo]]]]>
              </value>
            </param>
          </params>
          <reporter-output>
          </reporter-output>
        </test-method> <!-- loginTest -->
      </class> <!-- com.bitm.selenium4thbatch.Test.LoginTest -->
    </test> <!-- Complete NewTours Site Test -->
  </suite> <!-- Test Newtours Site -->
</testng-results>
